[Thu Mar 10 11:14:57 MST 2022] - INFO passoff.ServerTest: 	Setting up Person Valid Test...
[Thu Mar 10 11:14:57 MST 2022] - INFO client.Proxy: 	Clear called
[Thu Mar 10 11:14:57 MST 2022] - INFO client.Client: 	Post without Request Body called
[Thu Mar 10 11:14:57 MST 2022] - INFO client.Client: 	Attempting to open connection to server
[Thu Mar 10 11:14:57 MST 2022] - INFO client.Client: 	Connection opened to server
[Thu Mar 10 11:14:57 MST 2022] - INFO client.Client: 	Setting passoffrequest method to POST
[Thu Mar 10 11:14:57 MST 2022] - INFO client.Client: 	Request method set to POST
[Thu Mar 10 11:14:57 MST 2022] - INFO client.Client: 	Setting Do Output to true
[Thu Mar 10 11:14:57 MST 2022] - INFO client.Client: 	Do Output set to true
[Thu Mar 10 11:14:57 MST 2022] - INFO client.Client: 	Connecting to server
[Thu Mar 10 11:14:57 MST 2022] - INFO client.Client: 	Connected to server
[Thu Mar 10 11:14:57 MST 2022] - INFO client.Client: 	Getting response code from server
[Thu Mar 10 11:14:58 MST 2022] - INFO client.Client: 	Response code 200 returned
[Thu Mar 10 11:14:58 MST 2022] - INFO client.Client: 	Getting input stream from server
[Thu Mar 10 11:14:58 MST 2022] - INFO client.Client: 	Reading input stream into a string
[Thu Mar 10 11:14:58 MST 2022] - INFO passoff.ServerTest: 	Running Person Valid Test...
[Thu Mar 10 11:15:02 MST 2022] - INFO client.Proxy: 	Register called
[Thu Mar 10 11:15:02 MST 2022] - INFO client.Client: 	Post with Request Body called
[Thu Mar 10 11:15:02 MST 2022] - INFO client.Client: 	Attempting to open connection to server
[Thu Mar 10 11:15:02 MST 2022] - INFO client.Client: 	Connection opened to server
[Thu Mar 10 11:15:02 MST 2022] - INFO client.Client: 	Setting passoffrequest method to POST
[Thu Mar 10 11:15:02 MST 2022] - INFO client.Client: 	Request method set to POST
[Thu Mar 10 11:15:02 MST 2022] - INFO client.Client: 	Setting Do Output to true
[Thu Mar 10 11:15:02 MST 2022] - INFO client.Client: 	Do Output set to true
[Thu Mar 10 11:15:02 MST 2022] - INFO client.Client: 	Connecting to server
[Thu Mar 10 11:15:02 MST 2022] - INFO client.Client: 	Connected to server
[Thu Mar 10 11:15:02 MST 2022] - INFO client.Client: 	Opening output stream to server
[Thu Mar 10 11:15:02 MST 2022] - INFO client.Client: 	Writing passoffrequest to server output stream
[Thu Mar 10 11:15:02 MST 2022] - INFO client.Client: 	Request written to server output stream
[Thu Mar 10 11:15:02 MST 2022] - INFO client.Client: 	Closing output stream to server
[Thu Mar 10 11:15:02 MST 2022] - INFO client.Client: 	Output stream to server closed
[Thu Mar 10 11:15:02 MST 2022] - INFO client.Client: 	Getting response code from server
[Thu Mar 10 11:25:05 MST 2022] - INFO client.Client: 	Response code 200 returned
[Thu Mar 10 11:25:05 MST 2022] - INFO client.Client: 	Getting input stream from server
[Thu Mar 10 11:25:05 MST 2022] - INFO client.Client: 	Reading input stream into a string
[Thu Mar 10 14:49:11 MST 2022] - INFO client.Proxy: 	Person called
[Thu Mar 10 14:49:11 MST 2022] - INFO client.Client: 	Get with Auth Token called
[Thu Mar 10 14:49:11 MST 2022] - INFO client.Client: 	Attempting to open connection to server
[Thu Mar 10 14:49:11 MST 2022] - INFO client.Client: 	Connection opened to server
[Thu Mar 10 14:49:11 MST 2022] - INFO client.Client: 	Setting passoffrequest method to GET
[Thu Mar 10 14:49:11 MST 2022] - INFO client.Client: 	Request method set to GET
[Thu Mar 10 14:49:11 MST 2022] - INFO client.Client: 	Setting Do Output to false
[Thu Mar 10 14:49:11 MST 2022] - INFO client.Client: 	Do Output set to false
[Thu Mar 10 14:49:11 MST 2022] - INFO client.Client: 	Adding Auth token 2b41cdab-94b6-4e6a-9043-f444b69dea4f
[Thu Mar 10 14:49:11 MST 2022] - INFO client.Client: 	Auth token set to 2b41cdab-94b6-4e6a-9043-f444b69dea4f
[Thu Mar 10 14:49:11 MST 2022] - INFO client.Client: 	Connecting to server
[Thu Mar 10 14:49:11 MST 2022] - INFO client.Client: 	Connected to server
[Thu Mar 10 14:49:11 MST 2022] - INFO client.Client: 	Getting response code from server
